1024
R 0
W 0
R 1
W 16
R 2
W 32
R 3
W 48
R 4
W 64
R 5
W 80
R 6
W 96
R 7
W 112
R 8
W 128
R 9
W 144
R 10
W 160
R 11
W 176
R 12
W 192
R 13
W 208
R 14
W 224
R 15
W 240
R 16
W 256
R 17
W 1
R 18
W 17
R 19
W 33
R 20
W 49
R 21
W 65
R 22
W 81
R 23
W 97
R 24
W 113
R 25
W 129
R 26
W 145
R 27
W 161
R 28
W 177
R 29
W 193
R 30
W 209
R 31
W 225
R 32
W 241
R 33
W 2
R 34
W 18
R 35
W 34
R 36
W 50
R 37
W 66
R 38
W 82
R 39
W 98
R 40
W 114
R 41
W 130
R 42
W 146
R 43
W 162
R 44
W 178
R 45
W 194
R 46
W 210
R 47
W 226
R 48
W 242
R 49
W 3
R 50
W 19
R 51
W 35
R 52
W 51
R 53
W 67
R 54
W 83
R 55
W 99
R 56
W 115
R 57
W 131
R 58
W 147
R 59
W 163
R 60
W 179
R 61
W 195
R 62
W 211
R 63
W 227
R 64
W 243
R 65
W 4
R 66
W 20
R 67
W 36
R 68
W 52
R 69
W 68
R 70
W 84
R 71
W 100
R 72
W 116
R 73
W 132
R 74
W 148
R 75
W 164
R 76
W 180
R 77
W 196
R 78
W 212
R 79
W 228
R 80
W 244
R 81
W 5
R 82
W 21
R 83
W 37
R 84
W 53
R 85
W 69
R 86
W 85
R 87
W 101
R 88
W 117
R 89
W 133
R 90
W 149
R 91
W 165
R 92
W 181
R 93
W 197
R 94
W 213
R 95
W 229
R 96
W 245
R 97
W 6
R 98
W 22
R 99
W 38
R 100
W 54
R 101
W 70
R 102
W 86
R 103
W 102
R 104
W 118
R 105
W 134
R 106
W 150
R 107
W 166
R 108
W 182
R 109
W 198
R 110
W 214
R 111
W 230
R 112
W 246
R 113
W 7
R 114
W 23
R 115
W 39
R 116
W 55
R 117
W 71
R 118
W 87
R 119
W 103
R 120
W 119
R 121
W 135
R 122
W 151
R 123
W 167
R 124
W 183
R 125
W 199
R 126
W 215
R 127
W 231
R 128
W 247
R 129
W 8
R 130
W 24
R 131
W 40
R 132
W 56
R 133
W 72
R 134
W 88
R 135
W 104
R 136
W 120
R 137
W 136
R 138
W 152
R 139
W 168
R 140
W 184
R 141
W 200
R 142
W 216
R 143
W 232
R 144
W 248
R 145
W 9
R 146
W 25
R 147
W 41
R 148
W 57
R 149
W 73
R 150
W 89
R 151
W 105
R 152
W 121
R 153
W 137
R 154
W 153
R 155
W 169
R 156
W 185
R 157
W 201
R 158
W 217
R 159
W 233
R 160
W 249
R 161
W 10
R 162
W 26
R 163
W 42
R 164
W 58
R 165
W 74
R 166
W 90
R 167
W 106
R 168
W 122
R 169
W 138
R 170
W 154
R 171
W 170
R 172
W 186
R 173
W 202
R 174
W 218
R 175
W 234
R 176
W 250
R 177
W 11
R 178
W 27
R 179
W 43
R 180
W 59
R 181
W 75
R 182
W 91
R 183
W 107
R 184
W 123
R 185
W 139
R 186
W 155
R 187
W 171
R 188
W 187
R 189
W 203
R 190
W 219
R 191
W 235
R 192
W 251
R 193
W 12
R 194
W 28
R 195
W 44
R 196
W 60
R 197
W 76
R 198
W 92
R 199
W 108
R 200
W 124
R 201
W 140
R 202
W 156
R 203
W 172
R 204
W 188
R 205
W 204
R 206
W 220
R 207
W 236
R 208
W 252
R 209
W 13
R 210
W 29
R 211
W 45
R 212
W 61
R 213
W 77
R 214
W 93
R 215
W 109
R 216
W 125
R 217
W 141
R 218
W 157
R 219
W 173
R 220
W 189
R 221
W 205
R 222
W 221
R 223
W 237
R 224
W 253
R 225
W 14
R 226
W 30
R 227
W 46
R 228
W 62
R 229
W 78
R 230
W 94
R 231
W 110
R 232
W 126
R 233
W 142
R 234
W 158
R 235
W 174
R 236
W 190
R 237
W 206
R 238
W 222
R 239
W 238
R 240
W 254
R 241
W 15
R 242
W 31
R 243
W 47
R 244
W 63
R 245
W 79
R 246
W 95
R 247
W 111
R 248
W 127
R 249
W 143
R 250
W 159
R 251
W 175
R 252
W 191
R 253
W 207
R 254
W 223
R 255
W 239
